[debug] [2021-09-14T19:41:30.803Z] ----------------------------------------------------------------------
[debug] [2021-09-14T19:41:30.805Z] Command:       C:\Program Files\nodejs\node.exe C:\Users\aspir\AppData\Roaming\npm\node_modules\firebase-tools\lib\bin\firebase.js init
[debug] [2021-09-14T19:41:30.805Z] CLI Version:   9.18.0
[debug] [2021-09-14T19:41:30.805Z] Platform:      win32
[debug] [2021-09-14T19:41:30.805Z] Node Version:  v14.17.6
[debug] [2021-09-14T19:41:30.806Z] Time:          Wed Sep 15 2021 01:11:30 GMT+0530 (India Standard Time)
[debug] [2021-09-14T19:41:30.806Z] ----------------------------------------------------------------------
[debug] 
[debug] [2021-09-14T19:41:30.812Z] > command requires scopes: ["email","openid","https://www.googleapis.com/auth/cloudplatformprojects.readonly","https://www.googleapis.com/auth/firebase","https://www.googleapis.com/auth/cloud-platform"]
[debug] [2021-09-14T19:41:30.812Z] > authorizing via signed-in user (animate@aspireanimations.com)
[info] 
     ######## #### ########  ######## ########     ###     ######  ########
     ##        ##  ##     ## ##       ##     ##  ##   ##  ##       ##
     ######    ##  ########  ######   ########  #########  ######  ######
     ##        ##  ##    ##  ##       ##     ## ##     ##       ## ##
     ##       #### ##     ## ######## ########  ##     ##  ######  ########

You're about to initialize a Firebase project in this directory:

  C:\Users\aspir\OneDrive\Desktop\CLONES\TINDER\tinder-clone

[info] 
=== Project Setup
[info] 
[info] First, let's associate this project directory with a Firebase project.
[info] You can create multiple project aliases by running firebase use --add, 
[info] but for now we'll just set up a default project.
[info] 
[debug] [2021-09-14T19:41:51.227Z] >>> [apiv2][query] GET https://firebase.googleapis.com/v1beta1/projects pageSize=100
[debug] [2021-09-14T19:41:51.965Z] <<< [apiv2][status] GET https://firebase.googleapis.com/v1beta1/projects 200
[debug] [2021-09-14T19:41:51.966Z] <<< [apiv2][body] GET https://firebase.googleapis.com/v1beta1/projects [omitted]
[info] i  Using project tinder-clone-463c0 (tinder-clone) 
[info] 
=== Hosting Setup
[info] 
[info] Your public directory is the folder (relative to your project directory) that
[info] will contain Hosting assets to be uploaded with firebase deploy. If you
[info] have a build process for your assets, use your build's output directory.
[info] 
[debug] [2021-09-14T19:42:15.690Z] >>> [apiv2][query] GET https://www.gstatic.com/firebasejs/releases.json [none]
[debug] [2021-09-14T19:42:16.112Z] <<< [apiv2][status] GET https://www.gstatic.com/firebasejs/releases.json 200
[debug] [2021-09-14T19:42:16.112Z] <<< [apiv2][body] GET https://www.gstatic.com/firebasejs/releases.json {"current":{"version":"9.0.2","browserURL":"https://www.gstatic.com/firebasejs/9.0.2/firebase.js","packageURL":"https://www.gstatic.com/firebasejs/9.0.2/firebase.tgz"},"live":{"version":"9.0","browserURL":"https://www.gstatic.com/firebasejs/live/9.0/firebase.js","packageURL":"https://www.gstatic.com/firebasejs/live/9.0/firebase.tgz"},"components":{"analytics":"https://www.gstatic.com/firebasejs/9.0.2/firebase-analytics.js","app":"https://www.gstatic.com/firebasejs/9.0.2/firebase-app.js","app-check":"https://www.gstatic.com/firebasejs/9.0.2/firebase-app-check.js","auth":"https://www.gstatic.com/firebasejs/9.0.2/firebase-auth.js","auth/cordova":"https://www.gstatic.com/firebasejs/9.0.2/firebase-auth/cordova.js","auth/react-native":"https://www.gstatic.com/firebasejs/9.0.2/firebase-auth/react-native.js","functions":"https://www.gstatic.com/firebasejs/9.0.2/firebase-functions.js","firestore":"https://www.gstatic.com/firebasejs/9.0.2/firebase-firestore.js","firestore/lite":"https://www.gstatic.com/firebasejs/9.0.2/firebase-firestore/lite.js","storage":"https://www.gstatic.com/firebasejs/9.0.2/firebase-storage.js","performance":"https://www.gstatic.com/firebasejs/9.0.2/firebase-performance.js","remote-config":"https://www.gstatic.com/firebasejs/9.0.2/firebase-remote-config.js","messaging":"https://www.gstatic.com/firebasejs/9.0.2/firebase-messaging.js","messaging/sw":"https://www.gstatic.com/firebasejs/9.0.2/firebase-messaging/sw.js","database":"https://www.gstatic.com/firebasejs/9.0.2/firebase-database.js","firestore.memory":"https://www.gstatic.com/firebasejs/9.0.2/firebase-firestore.memory.js"}}
[info] +  Wrote build/index.html 
[info] 
[info] i  Didn't detect a .git folder. Assuming C:\Users\aspir\OneDrive\Desktop\CLONES\TINDER\tinder-clone is the project root. 
[info] i  Authorizing with GitHub to upload your service account to a GitHub repository's secrets store. 
[info] 
[info] Visit this URL on this device to log in:
[info] https://github.com/login/oauth/authorize?client_id=89cf50f02ac6aaed3484&state=441688467&redirect_uri=http%3A%2F%2Flocalhost%3A9005&scope=read%3Auser%20repo%20public_repo
[info] 
[info] Waiting for authentication...
[debug] [2021-09-14T19:42:30.897Z] >>> HTTP REQUEST POST https://github.com/login/oauth/access_token  
 {"client_id":"89cf50f02ac6aaed3484","client_secret":"3330d14abc895d9a74d5f17cd7a00711fa2c5bf0","code":"71b9d7bd82ee2e2d262d","redirect_uri":"http://localhost:9005","state":"441688467"}
[debug] [2021-09-14T19:42:31.418Z] <<< HTTP RESPONSE 200 {"server":"GitHub.com","date":"Tue, 14 Sep 2021 19:42:32 GMT","content-type":"application/json; charset=utf-8","transfer-encoding":"chunked","vary":"X-PJAX, X-PJAX-Container, Accept-Encoding, Accept, X-Requested-With","permissions-policy":"interest-cohort=()","etag":"W/\"c5a9c2835362ef2ee421bc4706721c08\"","cache-control":"max-age=0, private, must-revalidate","strict-transport-security":"max-age=31536000; includeSubdomains; preload","x-frame-options":"deny","x-content-type-options":"nosniff","x-xss-protection":"0","referrer-policy":"origin-when-cross-origin, strict-origin-when-cross-origin","expect-ct":"max-age=2592000, report-uri=\"https://api.github.com/_private/browser/errors\"","content-security-policy":"default-src 'none'; base-uri 'self'; block-all-mixed-content; connect-src 'self' uploads.github.com www.githubstatus.com collector.githubapp.com api.github.com github-cloud.s3.amazonaws.com github-production-repository-file-5c1aeb.s3.amazonaws.com github-production-upload-manifest-file-7fdce7.s3.amazonaws.com github-production-user-asset-6210df.s3.amazonaws.com cdn.optimizely.com logx.optimizely.com/v1/events translator.github.com wss://alive.github.com; font-src github.githubassets.com; form-action 'self' github.com gist.github.com; frame-ancestors 'none'; frame-src render.githubusercontent.com viewscreen.githubusercontent.com; img-src 'self' data: github.githubassets.com identicons.github.com collector.githubapp.com github-cloud.s3.amazonaws.com secured-user-images.githubusercontent.com/ *.githubusercontent.com; manifest-src 'self'; media-src github.com user-images.githubusercontent.com/; script-src github.githubassets.com; style-src 'unsafe-inline' github.githubassets.com; worker-src github.com/socket-worker-0af8a29d.js gist.github.com/socket-worker-0af8a29d.js","x-github-request-id":"D679:083D:CBE500:E16359:6140FB28"}
[debug] [2021-09-14T19:42:31.420Z] >>> [apiv2][query] GET https://api.github.com/user [none]
[debug] [2021-09-14T19:42:31.971Z] <<< [apiv2][status] GET https://api.github.com/user 200
[debug] [2021-09-14T19:42:31.971Z] <<< [apiv2][body] GET https://api.github.com/user {"login":"AspireAnimations","id":88272293,"node_id":"MDQ6VXNlcjg4MjcyMjkz","avatar_url":"https://avatars.githubusercontent.com/u/88272293?v=4","gravatar_id":"","url":"https://api.github.com/users/AspireAnimations","html_url":"https://github.com/AspireAnimations","followers_url":"https://api.github.com/users/AspireAnimations/followers","following_url":"https://api.github.com/users/AspireAnimations/following{/other_user}","gists_url":"https://api.github.com/users/AspireAnimations/gists{/gist_id}","starred_url":"https://api.github.com/users/AspireAnimations/starred{/owner}{/repo}","subscriptions_url":"https://api.github.com/users/AspireAnimations/subscriptions","organizations_url":"https://api.github.com/users/AspireAnimations/orgs","repos_url":"https://api.github.com/users/AspireAnimations/repos","events_url":"https://api.github.com/users/AspireAnimations/events{/privacy}","received_events_url":"https://api.github.com/users/AspireAnimations/received_events","type":"User","site_admin":false,"name":"Aspire Animations","company":"@aspireanimations","blog":"aspireanimations.com","location":"India","email":null,"hireable":null,"bio":"\"We at Aspire Animations consider it for life's mission to make your Brand stand out from the others by providing High Quality Web Solutions such as: 1. UI/UX D","twitter_username":"AspireAnimate","public_repos":10,"public_gists":0,"followers":0,"following":1,"created_at":"2021-08-01T10:34:28Z","updated_at":"2021-08-24T16:13:43Z","private_gists":0,"total_private_repos":2,"owned_private_repos":2,"disk_usage":55161,"collaborators":0,"two_factor_authentication":false,"plan":{"name":"free","space":976562499,"collaborators":0,"private_repos":10000}}
[info] 
[info] +  Success! Logged into GitHub as AspireAnimations 
[info] 
[debug] [2021-09-14T19:53:02.381Z] >>> [apiv2][query] GET https://api.github.com/repos//actions/secrets/public-key type=owner
[debug] [2021-09-14T19:53:02.870Z] <<< [apiv2][status] GET https://api.github.com/repos//actions/secrets/public-key 404
[debug] [2021-09-14T19:53:02.870Z] <<< [apiv2][body] GET https://api.github.com/repos//actions/secrets/public-key {"message":"Not Found","documentation_url":"https://docs.github.com/rest"}
